2020-06-25 16:52:55
User_id: 0
Error: E_WARNING
URL: http://localhost/m/update_server_ajax.php?&set_template_mobile_runtime=urban_mobile&site_part_runtime=mobile
File: C:\OSPanel\domains\localhost\_include\lib\db_mysqli.php
Line: 21
Message: Packets out of order. Expected 2 received 1. Packet size=30

Call stack:

File: C:\OSPanel\domains\localhost\_include\lib\db_mysqli.php (Line: 21)
Function: mysqli_connect

File: C:\OSPanel\domains\localhost\_include\lib\db_common.php (Line: 70)
Class: DB
Function: driver_connect

File: C:\OSPanel\domains\localhost\_include\core\start.php (Line: 376)
Class: DB_Common
Function: connect

File: C:\OSPanel\domains\localhost\m\_include\core\pony_start.php (Line: 19)
Function: include

File: C:\OSPanel\domains\localhost\m\update_server_ajax.php (Line: 10)
Function: include

$_POST = Array
(
    [cmd] => update_im
    [users_list] => {}
    [user_to] => 0
    [display] => general_chat
    [last_id] => 0
    [get_read_msg_from_im] => {}
    [is_mode_fb] => false
    [timeout_server] => 15
    [page] => search_results.php
    [request_user_id] => 0
    [city_counter_street_chat] => 1
    [city_counter_games] => 0
    [city_counter] => 0
    [geo_position] => Array
        (
            [lat] => 0
            [long] => 0
        )

)

---------

